[Mon Apr  6 14:45:54 IDT 2026] Portal OK on port 3100
[Mon Apr  6 21:00:03 IDT 2026] Portal OK on port 3100
[Tue Apr  7 09:00:02 IDT 2026] Portal OK on port 3100
[Tue Apr  7 21:00:03 IDT 2026] Portal OK on port 3100
[Wed Apr  8 09:01:04 IDT 2026] Portal DOWN — restarting...

🏠 Personal Portal running at:
   Local:   http://localhost:3100
   Network: http://192.168.68.115:3100

[Wed Apr  8 09:01:08 IDT 2026] Portal restarted OK
[Wed Apr  8 21:01:08 IDT 2026] Portal OK on port 3100
[Thu Apr  9 09:01:06 IDT 2026] Portal OK on port 3100
[Thu Apr  9 21:01:06 IDT 2026] Portal OK on port 3100
[Fri Apr 10 09:01:05 IDT 2026] Portal OK on port 3100
[Fri Apr 10 21:01:07 IDT 2026] Portal OK on port 3100
[Sat Apr 11 09:01:06 IDT 2026] Portal OK on port 3100
[Sat Apr 11 21:01:05 IDT 2026] Portal OK on port 3100
[Sun Apr 12 09:02:59 IDT 2026] Portal OK on port 3100
[Sun Apr 12 21:01:05 IDT 2026] Portal DOWN — restarting...

🏠 Personal Portal running at:
   Local:   http://localhost:3100
   Network: http://192.168.68.115:3100

[Sun Apr 12 21:01:09 IDT 2026] Portal restarted OK
[Mon Apr 13 09:01:08 IDT 2026] Portal OK on port 3100
[Mon Apr 13 21:01:07 IDT 2026] Portal OK on port 3100
[Tue Apr 14 09:01:04 IDT 2026] Portal OK on port 3100
[Tue Apr 14 21:01:05 IDT 2026] Portal OK on port 3100
[Wed Apr 15 09:01:04 IDT 2026] Portal OK on port 3100
[Wed Apr 15 21:01:09 IDT 2026] Portal OK on port 3100
[Thu Apr 16 09:01:04 IDT 2026] Portal OK on port 3100
